<?xml version="1.0" encoding="UTF-8"?>
<robot generator="Robot 7.0.1 (Python 3.12.0 on darwin)" generated="2024-08-31T20:55:53.483239" rpa="false" schemaversion="5">
<suite id="s1" name="TC0" source="/Users/gurpreetsingh/PycharmProjects/AutomationTask/TC0.robot">
<test id="s1-t1" name="Open Website in Chrome" line="9">
<kw name="Open Browser" owner="SeleniumLibrary">
<msg time="2024-08-31T20:55:54.088995" level="INFO">Opening browser 'chrome' to base url 'https://circula-qa-challange.vercel.app/users/sign_up'.</msg>
<arg>${URL}</arg>
<arg>${BROWSER}</arg>
<doc>Opens a new browser instance to the optional ``url``.</doc>
<status status="PASS" start="2024-08-31T20:55:54.088510" elapsed="7.090634"/>
</kw>
<kw name="Maximize Browser Window" owner="SeleniumLibrary">
<doc>Maximizes current browser window.</doc>
<status status="PASS" start="2024-08-31T20:56:01.181563" elapsed="1.319186"/>
</kw>
<kw name="Sleep" owner="BuiltIn">
<msg time="2024-08-31T20:56:12.505811" level="INFO">Slept 10 seconds.</msg>
<arg>10s</arg>
<doc>Pauses the test executed for the given time.</doc>
<status status="PASS" start="2024-08-31T20:56:02.501873" elapsed="10.004169"/>
</kw>
<kw name="Close Browser" owner="SeleniumLibrary" type="TEARDOWN">
<doc>Closes the current browser.</doc>
<status status="PASS" start="2024-08-31T20:56:12.506658" elapsed="0.381964"/>
</kw>
<status status="PASS" start="2024-08-31T20:55:54.087142" elapsed="18.801711"/>
</test>
<status status="PASS" start="2024-08-31T20:55:53.486514" elapsed="19.403597"/>
</suite>
<statistics>
<total>
<stat pass="1" fail="0" skip="0">All Tests</stat>
</total>
<tag>
</tag>
<suite>
<stat pass="1" fail="0" skip="0" id="s1" name="TC0">TC0</stat>
</suite>
</statistics>
<errors>
</errors>
</robot>
